<?xml version="1.0" encoding="UTF-8"?>
<testng-results skipped="0" failed="0" ignored="0" total="1" passed="1">
  <reporter-output>
  </reporter-output>
  <suite name="Default suite" duration-ms="21104" started-at="2018-12-26T06:18:07Z" finished-at="2018-12-26T06:18:28Z">
    <groups>
    </groups>
    <test name="Default test" duration-ms="21104" started-at="2018-12-26T06:18:07Z" finished-at="2018-12-26T06:18:28Z">
      <class name="com.ltd.testcases.VerifyLoginTestUsingPageFactory">
        <test-method status="PASS" signature="startLoginValidation()[pri:0, instance:com.ltd.testcases.VerifyLoginTestUsingPageFactory@685cb137]" name="startLoginValidation" duration-ms="21057" started-at="2018-12-26T06:18:07Z" finished-at="2018-12-26T06:18:28Z">
          <reporter-output>
          </reporter-output>
        </test-method> <!-- startLoginValidation -->
      </class> <!-- com.ltd.testcases.VerifyLoginTestUsingPageFactory -->
    </test> <!-- Default test -->
  </suite> <!-- Default suite -->
</testng-results>
